<?xml version="1.0" encoding="UTF-8"?>
<!-- Generated by org.testng.reporters.JUnitReportReporter -->
<testsuite hostname="DESKTOP-7V35OT3" failures="0" tests="1" name="Homepage.TC_01" time="37.100" errors="0" timestamp="23 Sep 2018 07:59:26 GMT" skipped="0">
  <testcase classname="Homepage.TC_01" name="verifyAaddToCart" time="37.100"/>
</testsuite> <!-- Homepage.TC_01 -->
